<?xml version="1.0" encoding="UTF-8"?>
<!-- Generated by org.testng.reporters.JUnitXMLReporter -->
<testsuite ignored="0" hostname="DESKTOP-3J5OAVG" failures="1" tests="11" name="Test" time="110.493" errors="0" timestamp="2024-06-07T14:09:54 BST">
  <testcase classname="tests.Login" name="loginWithValidCredentials" time="14.26"/>
  <testcase classname="tests.Login" name="loginWithInvalidCredentials" time="3.615"/>
  <testcase classname="tests.Login" name="loginWithValidEmailAndInvalidPassword" time="1.891"/>
  <testcase classname="tests.Login" name="loginWithInvalidEmailAndValidPassword" time="1.188"/>
  <testcase classname="tests.Login" name="loginWithoutEnteringAnyCredentials" time="3.277"/>
  <testcase classname="tests.Register" name="registerWithAllFields" time="2.435"/>
  <testcase classname="tests.Register" name="registerWithMandatoryFields" time="2.338"/>
  <testcase classname="tests.Register" name="registerWithoutEnteringAnyDetails" time="1.671">
    <failure type="java.lang.AssertionError" message="expected [E-mail Address does not appear to be valid!] but found [E-Mail Address does not appear to be valid!]">
      <![CDATA[java.lang.AssertionError: expected [E-mail Address does not appear to be valid!] but found [E-Mail Address does not appear to be valid!]
at tests.Register.registerWithoutEnteringAnyDetails(Register.java:116)
at java.base/java.util.ArrayList.forEach(ArrayList.java:1596)
... Removed 31 stack frames]]>
    </failure>
  </testcase> <!-- registerWithoutEnteringAnyDetails -->
  <testcase classname="tests.Search" name="searchForAValidProduct" time="0.864"/>
  <testcase classname="tests.Search" name="searchWithAnInvalidProduct" time="0.53"/>
  <testcase classname="tests.Search" name="searchWithoutAnyProduct" time="0.431"/>
</testsuite> <!-- Test -->
